<?xml version="1.0" encoding="UTF-8" ?>
<testsuite tests="8" failures="1" name="TestSuite" time="63.964" errors="0" skipped="0">
  <properties>
[...]
</properties>
  <testcase classname="Test.ShoppingTest" name="getTitle" time="0.279"/>
  <testcase classname="Test.VerizoanMainPageTest" name="getTitle" time="0.032"/>
  <testcase classname="Test.FeaturesTest" name="getTitle" time="20.452">
    <failure message="Expected condition failed: waiting for title to contain &quot;Apple iPhone 11: Colors, Cameras &amp; More | Buy Today at Verizon&quot;. Current title: &quot;New Apple iPhone 11 - 6 Cool Colors &amp; Dual Camera | Best Price&quot; (tried for 20 second(s) with 500 milliseconds interval)
Build info: version: &apos;3.141.59&apos;, revision: &apos;e82be7d358&apos;, time: &apos;2018-11-14T08:17:03&apos;
System info: host: &apos;MMs-MacBook-Air.home&apos;, ip: &apos;fe80:0:0:0:1c3c:8d66:c35e:c464%en0&apos;, os.name: &apos;Mac OS X&apos;, os.arch: &apos;x86_64&apos;, os.version: &apos;10.15.3&apos;, java.version: &apos;1.8.0_221&apos;
Driver info: org.openqa.selenium.chrome.ChromeDriver
Capabilities {acceptInsecureCerts: false, browserName: chrome, browserVersion: 80.0.3987.163, chrome: {chromedriverVersion: 79.0.3945.36 (3582db32b3389..., userDataDir: /var/folders/rl/g1v1d8vn2cs...}, goog:chromeOptions: {debuggerAddress: localhost:55866}, javascriptEnabled: true, networkConnectionEnabled: false, pageLoadStrategy: normal, platform: MAC, platformName: MAC, proxy: Proxy(), setWindowRect: true, strictFileInteractability: false, timeouts: {implicit: 0, pageLoad: 300000, script: 30000}, unhandledPromptBehavior: dismiss and notify}
Session ID: 64a63c3c9c808ef3feabefcaf21fad53" type="org.openqa.selenium.TimeoutException">org.openqa.selenium.TimeoutException: Expected condition failed: waiting for title to contain &quot;Apple iPhone 11: Colors, Cameras &amp; More | Buy Today at Verizon&quot;. Current title: &quot;New Apple iPhone 11 - 6 Cool Colors &amp; Dual Camera | Best Price&quot; (tried for 20 second(s) with 500 milliseconds interval)
Build info: version: &apos;3.141.59&apos;, revision: &apos;e82be7d358&apos;, time: &apos;2018-11-14T08:17:03&apos;
System info: host: &apos;MMs-MacBook-Air.home&apos;, ip: &apos;fe80:0:0:0:1c3c:8d66:c35e:c464%en0&apos;, os.name: &apos;Mac OS X&apos;, os.arch: &apos;x86_64&apos;, os.version: &apos;10.15.3&apos;, java.version: &apos;1.8.0_221&apos;
Driver info: org.openqa.selenium.chrome.ChromeDriver
Capabilities {acceptInsecureCerts: false, browserName: chrome, browserVersion: 80.0.3987.163, chrome: {chromedriverVersion: 79.0.3945.36 (3582db32b3389..., userDataDir: /var/folders/rl/g1v1d8vn2cs...}, goog:chromeOptions: {debuggerAddress: localhost:55866}, javascriptEnabled: true, networkConnectionEnabled: false, pageLoadStrategy: normal, platform: MAC, platformName: MAC, proxy: Proxy(), setWindowRect: true, strictFileInteractability: false, timeouts: {implicit: 0, pageLoad: 300000, script: 30000}, unhandledPromptBehavior: dismiss and notify}
Session ID: 64a63c3c9c808ef3feabefcaf21fad53
	at org.openqa.selenium.support.ui.WebDriverWait.timeoutException(WebDriverWait.java:95)
	at org.openqa.selenium.support.ui.FluentWait.until(FluentWait.java:272)
	at Utilities.ElementUtil.waitForGetPageTitle(ElementUtil.java:111)
	at Pages.Features.getFeaturesTitle(Features.java:32)
	at Test.FeaturesTest.getTitle(FeaturesTest.java:42)
</failure>
    <system-err>Starting ChromeDriver 79.0.3945.36 (3582db32b33893869b8c1339e8f4d9ed1816f143-refs/branch-heads/3945@{#614}) on port 47179
Only local connections are allowed.
Please protect ports used by ChromeDriver and related test frameworks to prevent access by malicious code.
[1586604372.086][WARNING]: This version of ChromeDriver has not been tested with Chrome version 80.
Apr 11, 2020 7:26:12 AM org.openqa.selenium.remote.ProtocolHandshake createSession
INFO: Detected dialect: W3C
</system-err>
  </testcase>
  <testcase classname="Test.CustomizeTest" name="getTitle" time="0.166"/>
  <testcase classname="Test.ShoppingTest" name="doSendAndClik" time="7.809"/>
  <testcase classname="Test.VerizoanMainPageTest" name="doSendAndClik" time="8.543"/>
  <testcase classname="Test.FeaturesTest" name="doSendAndClik" time="17.104"/>
  <testcase classname="Test.CustomizeTest" name="doSendAndClik" time="9.579"/>
</testsuite>