<?xml version="1.0" encoding="UTF-8"?>
<testng-results skipped="0" failed="1" ignored="0" total="8" passed="7">
  <reporter-output>
  </reporter-output>
  <suite name="Command line suite" duration-ms="226534" started-at="2020-04-11T11:25:53Z" finished-at="2020-04-11T11:29:40Z">
    <groups>
    </groups>
    <test name="Command line test" duration-ms="226534" started-at="2020-04-11T11:25:53Z" finished-at="2020-04-11T11:29:40Z">
      <class name="Test.FeaturesTest">
        <test-method status="PASS" signature="setUp()[pri:0, instance:Test.FeaturesTest@3cda1055]" name="setUp" is-config="true" duration-ms="19001" started-at="2020-04-11T11:26:11Z" finished-at="2020-04-11T11:26:30Z">
          <reporter-output>
          </reporter-output>
        </test-method> <!-- setUp -->
        <test-method status="FAIL" signature="getTitle()[pri:1, instance:Test.FeaturesTest@3cda1055]" name="getTitle" duration-ms="20448" started-at="2020-04-11T11:26:30Z" finished-at="2020-04-11T11:26:51Z">
          <exception class="org.openqa.selenium.TimeoutException">
            <message>
              <![CDATA[Expected condition failed: waiting for title to contain "Apple iPhone 11: Colors, Cameras & More | Buy Today at Verizon". Current title: "New Apple iPhone 11 - 6 Cool Colors & Dual Camera | Best Price" (tried for 20 second(s) with 500 milliseconds interval)
Build info: version: '3.141.59', revision: 'e82be7d358', time: '2018-11-14T08:17:03'
System info: host: 'MMs-MacBook-Air.home', ip: 'fe80:0:0:0:1c3c:8d66:c35e:c464%en0', os.name: 'Mac OS X', os.arch: 'x86_64', os.version: '10.15.3', java.version: '1.8.0_221'
Driver info: org.openqa.selenium.chrome.ChromeDriver
Capabilities {acceptInsecureCerts: false, browserName: chrome, browserVersion: 80.0.3987.163, chrome: {chromedriverVersion: 79.0.3945.36 (3582db32b3389..., userDataDir: /var/folders/rl/g1v1d8vn2cs...}, goog:chromeOptions: {debuggerAddress: localhost:55866}, javascriptEnabled: true, networkConnectionEnabled: false, pageLoadStrategy: normal, platform: MAC, platformName: MAC, proxy: Proxy(), setWindowRect: true, strictFileInteractability: false, timeouts: {implicit: 0, pageLoad: 300000, script: 30000}, unhandledPromptBehavior: dismiss and notify}
Session ID: 64a63c3c9c808ef3feabefcaf21fad53]]>
            </message>
            <full-stacktrace>
              <![CDATA[org.openqa.selenium.TimeoutException: Expected condition failed: waiting for title to contain "Apple iPhone 11: Colors, Cameras & More | Buy Today at Verizon". Current title: "New Apple iPhone 11 - 6 Cool Colors & Dual Camera | Best Price" (tried for 20 second(s) with 500 milliseconds interval)
Build info: version: '3.141.59', revision: 'e82be7d358', time: '2018-11-14T08:17:03'
System info: host: 'MMs-MacBook-Air.home', ip: 'fe80:0:0:0:1c3c:8d66:c35e:c464%en0', os.name: 'Mac OS X', os.arch: 'x86_64', os.version: '10.15.3', java.version: '1.8.0_221'
Driver info: org.openqa.selenium.chrome.ChromeDriver
Capabilities {acceptInsecureCerts: false, browserName: chrome, browserVersion: 80.0.3987.163, chrome: {chromedriverVersion: 79.0.3945.36 (3582db32b3389..., userDataDir: /var/folders/rl/g1v1d8vn2cs...}, goog:chromeOptions: {debuggerAddress: localhost:55866}, javascriptEnabled: true, networkConnectionEnabled: false, pageLoadStrategy: normal, platform: MAC, platformName: MAC, proxy: Proxy(), setWindowRect: true, strictFileInteractability: false, timeouts: {implicit: 0, pageLoad: 300000, script: 30000}, unhandledPromptBehavior: dismiss and notify}
Session ID: 64a63c3c9c808ef3feabefcaf21fad53
at org.openqa.selenium.support.ui.WebDriverWait.timeoutException(WebDriverWait.java:95)
at org.openqa.selenium.support.ui.FluentWait.until(FluentWait.java:272)
at Utilities.ElementUtil.waitForGetPageTitle(ElementUtil.java:111)
at Pages.Features.getFeaturesTitle(Features.java:32)
at Test.FeaturesTest.getTitle(FeaturesTest.java:42)
at sun.reflect.NativeMethodAccessorImpl.invoke0(Native Method)
at sun.reflect.NativeMethodAccessorImpl.invoke(NativeMethodAccessorImpl.java:62)
at sun.reflect.DelegatingMethodAccessorImpl.invoke(DelegatingMethodAccessorImpl.java:43)
at java.lang.reflect.Method.invoke(Method.java:498)
at org.testng.internal.MethodInvocationHelper.invokeMethod(MethodInvocationHelper.java:124)
at org.testng.internal.Invoker.invokeMethod(Invoker.java:583)
at org.testng.internal.Invoker.invokeTestMethod(Invoker.java:719)
at org.testng.internal.Invoker.invokeTestMethods(Invoker.java:989)
at org.testng.internal.TestMethodWorker.invokeTestMethods(TestMethodWorker.java:125)
at org.testng.internal.TestMethodWorker.run(TestMethodWorker.java:109)
at org.testng.TestRunner.privateRun(TestRunner.java:648)
at org.testng.TestRunner.run(TestRunner.java:505)
at org.testng.SuiteRunner.runTest(SuiteRunner.java:455)
at org.testng.SuiteRunner.runSequentially(SuiteRunner.java:450)
at org.testng.SuiteRunner.privateRun(SuiteRunner.java:415)
at org.testng.SuiteRunner.run(SuiteRunner.java:364)
at org.testng.SuiteRunnerWorker.runSuite(SuiteRunnerWorker.java:52)
at org.testng.SuiteRunnerWorker.run(SuiteRunnerWorker.java:84)
at org.testng.TestNG.runSuitesSequentially(TestNG.java:1208)
at org.testng.TestNG.runSuitesLocally(TestNG.java:1137)
at org.testng.TestNG.runSuites(TestNG.java:1049)
at org.testng.TestNG.run(TestNG.java:1017)
at org.apache.maven.surefire.testng.TestNGExecutor.run(TestNGExecutor.java:77)
at org.apache.maven.surefire.testng.TestNGDirectoryTestSuite.executeMulti(TestNGDirectoryTestSuite.java:159)
at org.apache.maven.surefire.testng.TestNGDirectoryTestSuite.execute(TestNGDirectoryTestSuite.java:99)
at org.apache.maven.surefire.testng.TestNGProvider.invoke(TestNGProvider.java:106)
at sun.reflect.NativeMethodAccessorImpl.invoke0(Native Method)
at sun.reflect.NativeMethodAccessorImpl.invoke(NativeMethodAccessorImpl.java:62)
at sun.reflect.DelegatingMethodAccessorImpl.invoke(DelegatingMethodAccessorImpl.java:43)
at java.lang.reflect.Method.invoke(Method.java:498)
at org.apache.maven.surefire.util.ReflectionUtils.invokeMethodWithArray(ReflectionUtils.java:189)
at org.apache.maven.surefire.booter.ProviderFactory$ProviderProxy.invoke(ProviderFactory.java:165)
at org.apache.maven.surefire.booter.ProviderFactory.invokeProvider(ProviderFactory.java:85)
at org.apache.maven.surefire.booter.ForkedBooter.runSuitesInProcess(ForkedBooter.java:115)
at org.apache.maven.surefire.booter.ForkedBooter.main(ForkedBooter.java:75)
]]>
            </full-stacktrace>
          </exception> <!-- org.openqa.selenium.TimeoutException -->
          <reporter-output>
          </reporter-output>
        </test-method> <!-- getTitle -->
        <test-method status="PASS" signature="tearDown()[pri:0, instance:Test.FeaturesTest@3cda1055]" name="tearDown" is-config="true" duration-ms="148" started-at="2020-04-11T11:26:51Z" finished-at="2020-04-11T11:26:51Z">
          <reporter-output>
          </reporter-output>
        </test-method> <!-- tearDown -->
        <test-method status="PASS" signature="setUp()[pri:0, instance:Test.FeaturesTest@3cda1055]" name="setUp" is-config="true" duration-ms="18467" started-at="2020-04-11T11:27:58Z" finished-at="2020-04-11T11:28:16Z">
          <reporter-output>
          </reporter-output>
        </test-method> <!-- setUp -->
        <test-method status="PASS" signature="doSendAndClik()[pri:2, instance:Test.FeaturesTest@3cda1055]" name="doSendAndClik" duration-ms="17104" started-at="2020-04-11T11:28:16Z" finished-at="2020-04-11T11:28:33Z">
          <reporter-output>
          </reporter-output>
        </test-method> <!-- doSendAndClik -->
        <test-method status="PASS" signature="tearDown()[pri:0, instance:Test.FeaturesTest@3cda1055]" name="tearDown" is-config="true" duration-ms="276" started-at="2020-04-11T11:28:33Z" finished-at="2020-04-11T11:28:33Z">
          <reporter-output>
          </reporter-output>
        </test-method> <!-- tearDown -->
      </class> <!-- Test.FeaturesTest -->
      <class name="Test.VerizoanMainPageTest">
        <test-method status="PASS" signature="setUp()[pri:0, instance:Test.VerizoanMainPageTest@668bc3d5]" name="setUp" is-config="true" duration-ms="4045" started-at="2020-04-11T11:26:07Z" finished-at="2020-04-11T11:26:11Z">
          <reporter-output>
          </reporter-output>
        </test-method> <!-- setUp -->
        <test-method status="PASS" signature="getTitle()[pri:1, instance:Test.VerizoanMainPageTest@668bc3d5]" name="getTitle" duration-ms="31" started-at="2020-04-11T11:26:11Z" description="Main Page Title" finished-at="2020-04-11T11:26:11Z">
          <reporter-output>
          </reporter-output>
        </test-method> <!-- getTitle -->
        <test-method status="PASS" signature="tearDown()[pri:0, instance:Test.VerizoanMainPageTest@668bc3d5]" name="tearDown" is-config="true" duration-ms="98" started-at="2020-04-11T11:26:11Z" finished-at="2020-04-11T11:26:11Z">
          <reporter-output>
          </reporter-output>
        </test-method> <!-- tearDown -->
        <test-method status="PASS" signature="setUp()[pri:0, instance:Test.VerizoanMainPageTest@668bc3d5]" name="setUp" is-config="true" duration-ms="3116" started-at="2020-04-11T11:27:46Z" finished-at="2020-04-11T11:27:49Z">
          <reporter-output>
          </reporter-output>
        </test-method> <!-- setUp -->
        <test-method status="PASS" signature="doSendAndClik()[pri:2, instance:Test.VerizoanMainPageTest@668bc3d5]" name="doSendAndClik" duration-ms="8544" started-at="2020-04-11T11:27:49Z" description="Main page Mouse over and clik" finished-at="2020-04-11T11:27:57Z">
          <reporter-output>
          </reporter-output>
        </test-method> <!-- doSendAndClik -->
        <test-method status="PASS" signature="tearDown()[pri:0, instance:Test.VerizoanMainPageTest@668bc3d5]" name="tearDown" is-config="true" duration-ms="142" started-at="2020-04-11T11:27:57Z" finished-at="2020-04-11T11:27:58Z">
          <reporter-output>
          </reporter-output>
        </test-method> <!-- tearDown -->
      </class> <!-- Test.VerizoanMainPageTest -->
      <class name="Test.CustomizeTest">
        <test-method status="PASS" signature="setUp()[pri:0, instance:Test.CustomizeTest@7a5d012c]" name="setUp" is-config="true" duration-ms="32366" started-at="2020-04-11T11:26:51Z" finished-at="2020-04-11T11:27:23Z">
          <reporter-output>
          </reporter-output>
        </test-method> <!-- setUp -->
        <test-method status="PASS" signature="getTitle()[pri:1, instance:Test.CustomizeTest@7a5d012c]" name="getTitle" duration-ms="166" started-at="2020-04-11T11:27:23Z" finished-at="2020-04-11T11:27:23Z">
          <reporter-output>
          </reporter-output>
        </test-method> <!-- getTitle -->
        <test-method status="PASS" signature="tearDown()[pri:0, instance:Test.CustomizeTest@7a5d012c]" name="tearDown" is-config="true" duration-ms="159" started-at="2020-04-11T11:27:23Z" finished-at="2020-04-11T11:27:24Z">
          <reporter-output>
          </reporter-output>
        </test-method> <!-- tearDown -->
        <test-method status="PASS" signature="setUp()[pri:0, instance:Test.CustomizeTest@7a5d012c]" name="setUp" is-config="true" duration-ms="56568" started-at="2020-04-11T11:28:33Z" finished-at="2020-04-11T11:29:30Z">
          <reporter-output>
          </reporter-output>
        </test-method> <!-- setUp -->
        <test-method status="PASS" signature="doSendAndClik()[pri:2, instance:Test.CustomizeTest@7a5d012c]" name="doSendAndClik" duration-ms="9579" started-at="2020-04-11T11:29:30Z" finished-at="2020-04-11T11:29:40Z">
          <reporter-output>
          </reporter-output>
        </test-method> <!-- doSendAndClik -->
        <test-method status="PASS" signature="tearDown()[pri:0, instance:Test.CustomizeTest@7a5d012c]" name="tearDown" is-config="true" duration-ms="312" started-at="2020-04-11T11:29:40Z" finished-at="2020-04-11T11:29:40Z">
          <reporter-output>
          </reporter-output>
        </test-method> <!-- tearDown -->
      </class> <!-- Test.CustomizeTest -->
      <class name="Test.ShoppingTest">
        <test-method status="PASS" signature="setUp()[pri:0, instance:Test.ShoppingTest@380fb434]" name="setUp" is-config="true" duration-ms="13332" started-at="2020-04-11T11:25:53Z" finished-at="2020-04-11T11:26:07Z">
          <reporter-output>
          </reporter-output>
        </test-method> <!-- setUp -->
        <test-method status="PASS" signature="getTitle()[pri:1, instance:Test.ShoppingTest@380fb434]" name="getTitle" duration-ms="274" started-at="2020-04-11T11:26:07Z" description="Shopping Page Title" finished-at="2020-04-11T11:26:07Z">
          <reporter-output>
          </reporter-output>
        </test-method> <!-- getTitle -->
        <test-method status="PASS" signature="tearDown()[pri:0, instance:Test.ShoppingTest@380fb434]" name="tearDown" is-config="true" duration-ms="125" started-at="2020-04-11T11:26:07Z" finished-at="2020-04-11T11:26:07Z">
          <reporter-output>
          </reporter-output>
        </test-method> <!-- tearDown -->
        <test-method status="PASS" signature="setUp()[pri:0, instance:Test.ShoppingTest@380fb434]" name="setUp" is-config="true" duration-ms="14236" started-at="2020-04-11T11:27:24Z" finished-at="2020-04-11T11:27:38Z">
          <reporter-output>
          </reporter-output>
        </test-method> <!-- setUp -->
        <test-method status="PASS" signature="doSendAndClik()[pri:2, instance:Test.ShoppingTest@380fb434]" name="doSendAndClik" duration-ms="7809" started-at="2020-04-11T11:27:38Z" description="IPhone Selection" finished-at="2020-04-11T11:27:46Z">
          <reporter-output>
          </reporter-output>
        </test-method> <!-- doSendAndClik -->
        <test-method status="PASS" signature="tearDown()[pri:0, instance:Test.ShoppingTest@380fb434]" name="tearDown" is-config="true" duration-ms="141" started-at="2020-04-11T11:27:46Z" finished-at="2020-04-11T11:27:46Z">
          <reporter-output>
          </reporter-output>
        </test-method> <!-- tearDown -->
      </class> <!-- Test.ShoppingTest -->
    </test> <!-- Command line test -->
  </suite> <!-- Command line suite -->
</testng-results>
